<?xml version="1.0" encoding="UTF-8"?>
<!-- Generated by org.testng.reporters.JUnitReportReporter -->
<testsuite hostname="SUSHMAE-PC" name="testScripts.Rdrive" tests="1" failures="0" timestamp="27 Apr 2016 06:54:20 GMT" time="6.139" errors="0">
  <testcase name="Test1" time="6.139" classname="testScripts.Rdrive"/>
</testsuite> <!-- testScripts.Rdrive -->
