<?xml version="1.0" encoding="UTF-8"?>
<!-- Generated by org.testng.reporters.JUnitReportReporter -->
<testsuite hostname="SUSHMAE-PC" name="mainMethods.Sample" tests="2" failures="0" timestamp="28 Jan 2016 13:52:42 GMT" time="0.010" errors="0">
  <testcase name="f" time="0.010" classname="mainMethods.Sample"/>
  <testcase name="f1" time="0.000" classname="mainMethods.Sample"/>
</testsuite> <!-- mainMethods.Sample -->
