<?xml version="1.0" encoding="UTF-8"?>
<!-- Generated by org.testng.reporters.JUnitReportReporter -->
<testsuite hostname="SUSHMAE-PC" name="testScripts.SearchTestPlan" tests="1" failures="0" timestamp="25 Aug 2015 10:53:22 GMT" time="118.914" errors="0">
  <testcase name="searchPlan" time="118.914" classname="testScripts.SearchTestPlan"/>
</testsuite> <!-- testScripts.SearchTestPlan -->
