<?xml version="1.0" encoding="UTF-8"?>
<!-- Generated by org.testng.reporters.JUnitReportReporter -->
<testsuite hostname="SUSHMAE-PC" name="testScripts.CreateTestPlan" tests="1" failures="0" timestamp="24 Aug 2015 09:57:39 GMT" time="98.702" errors="0">
  <testcase name="createPlan" time="98.702" classname="testScripts.CreateTestPlan"/>
</testsuite> <!-- testScripts.CreateTestPlan -->
