<?xml version="1.0" encoding="UTF-8"?>
<!-- Generated by org.testng.reporters.JUnitReportReporter -->
<testsuite hostname="SUSHMAE-PC" name="testScripts.AllControls" tests="1" failures="0" timestamp="18 May 2016 07:21:38 GMT" time="42.128" errors="0">
  <testcase name="test1" time="42.128" classname="testScripts.AllControls"/>
</testsuite> <!-- testScripts.AllControls -->
