<?xml version="1.0" encoding="UTF-8"?>
<!-- Generated by org.testng.reporters.JUnitReportReporter -->
<testsuite hostname="SUSHMAE-PC" name="testScripts.DeleteTestPlan" tests="1" failures="0" timestamp="21 Aug 2015 11:37:19 GMT" time="189.431" errors="0">
  <testcase name="DeletePlan" time="189.431" classname="testScripts.DeleteTestPlan"/>
</testsuite> <!-- testScripts.DeleteTestPlan -->
